<?xml version="1.0" encoding="UTF-8"?>
<!-- Generated by org.testng.reporters.JUnitXMLReporter -->
<testsuite ignored="0" hostname="DESKTOP-APUALTV" failures="0" tests="6" name="TEST2" time="0.054" errors="0" timestamp="2023-01-25T10:23:38 IST">
  <testcase classname="testNG.TestNGtestpractice1" name="test1" time="0.005"/>
  <testcase classname="testNG.TestNGtestpractice1" name="test2" time="0.002"/>
  <testcase classname="testNG.TestNGtestpractice1" name="test3" time="0.001"/>
  <testcase classname="testNG.TestNGPractice2" name="test1" time="0.004"/>
  <testcase classname="testNG.TestNGPractice2" name="test2" time="0.003"/>
  <testcase classname="testNG.TestNGPractice2" name="test3" time="0.002"/>
</testsuite> <!-- TEST2 -->
