<?xml version="1.0" encoding="UTF-8"?>
<testng-results ignored="0" total="2" passed="2" failed="0" skipped="0">
  <reporter-output>
  </reporter-output>
  <suite started-at="2023-02-19T20:15:20 IST" name="Default suite" finished-at="2023-02-19T20:15:21 IST" duration-ms="122">
    <groups>
    </groups>
    <test started-at="2023-02-19T20:15:20 IST" name="Default test" finished-at="2023-02-19T20:15:21 IST" duration-ms="122">
      <class name="testNG.TestNGtestpractice1">
        <test-method signature="test1()[pri:0, instance:testNG.TestNGtestpractice1@6d2a209c]" started-at="2023-02-19T20:15:21 IST" name="test1" finished-at="2023-02-19T20:15:21 IST" duration-ms="23" status="PASS">
          <reporter-output>
          </reporter-output>
        </test-method> <!-- test1 -->
        <test-method signature="test1()[pri:0, instance:testNG.TestNGtestpractice1@6d2a209c]" started-at="2023-02-19T20:15:21 IST" name="test1" finished-at="2023-02-19T20:15:21 IST" duration-ms="4" status="PASS">
          <reporter-output>
          </reporter-output>
        </test-method> <!-- test1 -->
      </class> <!-- testNG.TestNGtestpractice1 -->
    </test> <!-- Default test -->
  </suite> <!-- Default suite -->
</testng-results>
